Дата и время вызова: 2023-06-07 22:46:08.097592
Имя функции: hello_world
Параметры: ((), {})
Функция возвращает: Hello World
Дата и время вызова: 2023-06-07 22:46:08.099588
Имя функции: summator
Параметры: ((2, 2), {})
Функция возвращает: 4
Дата и время вызова: 2023-06-07 22:46:08.100587
Имя функции: div
Параметры: ((6, 2), {})
Функция возвращает: 3.0
Дата и время вызова: 2023-06-07 22:46:08.101583
Имя функции: summator
Параметры: ((4.3,), {'b': 2.2})
Функция возвращает: 6.5
Дата и время вызова: 2023-06-07 22:46:08.101583
Имя функции: summator
Параметры: ((), {'a': 0, 'b': 0})
Функция возвращает: 0
Дата и время вызова: 2023-06-07 22:46:08.114758
Имя функции: flat_generator
Параметры: (([['a', 'b', 'c'], ['d', 'e', 'f', 'h', False], [1, 2, None]],), {})
Функция возвращает: <generator object flat_generator at 0x0000022FB1B1F3C0>
